<?xml version="1.0" encoding="utf-8"?><testsuites name="pytest tests"><testsuite name="pytest" errors="0" failures="0" skipped="0" tests="23" time="1.301" timestamp="2026-07-13T06:47:09.191721+00:00" hostname="agent-env-87a14169-85fe-4da7-898a-387cf52de894"><testcase classname="backend.tests.test_emergency_planner.TestChecklistMuslimHomeUnexpected" name="test_muslim_home_unexpected" time="0.130" /><testcase classname="backend.tests.test_emergency_planner.TestChecklistHinduHospital" name="test_hindu_hospital_expected" time="0.042" /><testcase classname="backend.tests.test_emergency_planner.TestChecklistChristian" name="test_christian_hospital" time="0.043" /><testcase classname="backend.tests.test_emergency_planner.TestChecklistSikh" name="test_sikh" time="0.043" /><testcase classname="backend.tests.test_emergency_planner.TestChecklistSecular" name="test_secular" time="0.042" /><testcase classname="backend.tests.test_emergency_planner.TestRegisterDeathAndCertificate" name="test_register_death" time="0.044" /><testcase classname="backend.tests.test_emergency_planner.TestRegisterDeathAndCertificate" name="test_certificate_collect" time="0.041" /><testcase classname="backend.tests.test_emergency_planner.TestRegisterDeathAndCertificate" name="test_insurance" time="0.043" /><testcase classname="backend.tests.test_emergency_planner.TestNoInvalidNumbersInChecklist" name="test_no_invalid_numbers[hospital-hindu-False]" time="0.044" /><testcase classname="backend.tests.test_emergency_planner.TestNoInvalidNumbersInChecklist" name="test_no_invalid_numbers[home-muslim-True]" time="0.042" /><testcase classname="backend.tests.test_emergency_planner.TestNoInvalidNumbersInChecklist" name="test_no_invalid_numbers[hospital-christian-False]" time="0.044" /><testcase classname="backend.tests.test_emergency_planner.TestNoInvalidNumbersInChecklist" name="test_no_invalid_numbers[home-sikh-False]" time="0.042" /><testcase classname="backend.tests.test_emergency_planner.TestNoInvalidNumbersInChecklist" name="test_no_invalid_numbers[other-secular-True]" time="0.042" /><testcase classname="backend.tests.test_emergency_planner.TestContacts" name="test_muslim_contacts" time="0.042" /><testcase classname="backend.tests.test_emergency_planner.TestContacts" name="test_hindu_contacts" time="0.041" /><testcase classname="backend.tests.test_emergency_planner.TestContacts" name="test_no_invalid_numbers_in_contacts" time="0.042" /><testcase classname="backend.tests.test_emergency_planner.TestOTP" name="test_send_otp" time="0.052" /><testcase classname="backend.tests.test_emergency_planner.TestOTP" name="test_verify_success" time="0.043" /><testcase classname="backend.tests.test_emergency_planner.TestOTP" name="test_verify_failure" time="0.042" /><testcase classname="backend.tests.test_emergency_planner.TestVault" name="test_upload_and_list_hides_base64_and_id" time="0.134" /><testcase classname="backend.tests.test_emergency_planner.TestShare" name="test_share_language[en-service is arranged]" time="0.045" /><testcase classname="backend.tests.test_emergency_planner.TestShare" name="test_share_language[hi-\u0905\u0902\u0924\u093f\u092e \u0938\u0902\u0938\u094d\u0915\u093e\u0930]" time="0.083" /><testcase classname="backend.tests.test_emergency_planner.TestShare" name="test_share_language[ta-\u0b87\u0bb1\u0bc1\u0ba4\u0bbf\u0b9a\u0bcd \u0b9a\u0b9f\u0b99\u0bcd\u0b95\u0bc1]" time="0.042" /></testsuite></testsuites>